[2025-10-14 02:37:26] Profile view - avatar_url: NULL
[2025-10-14 02:37:33] ProfileController nonce verification: nonce=8b71605569b9, action=vt_profile_update, userId=1
[2025-10-14 02:37:33] Nonce verification PASSED
[2025-10-14 02:37:33] Profile view - avatar_url: NULL
[2025-10-14 03:03:23] ProfileController nonce verification: nonce=8b71605569b9, action=vt_profile_update, userId=1
[2025-10-14 03:03:23] Nonce verification PASSED
[2025-10-14 03:03:45] ProfileController nonce verification: nonce=8b71605569b9, action=vt_profile_update, userId=1
[2025-10-14 03:03:45] Nonce verification PASSED
[2025-10-14 03:03:45] ImageService::upload called with imageType=profile, entityType=user, entityId=1
[2025-10-14 03:03:45] Alt-text validated
[2025-10-14 03:03:45] File validated
[2025-10-14 03:03:45] Upload dir: /Users/lonnholiday/Repositories/social.elonara/public/uploads/users/1
[2025-10-14 03:03:45] Directory ensured
[2025-10-14 03:03:45] Filename: user_1_profile_1760411025_28e0779a.png, Path: /Users/lonnholiday/Repositories/social.elonara/public/uploads/users/1/user_1_profile_1760411025_28e0779a.png
[2025-10-14 03:03:45] Upload successful: /uploads/users/1/user_1_profile_1760411025_28e0779a.png
[2025-10-14 03:03:45] Profile view - avatar_url: /uploads/users/1/user_1_profile_1760411025_28e0779a.png
[2025-10-14 03:06:17] ProfileController nonce verification: nonce=8b71605569b9, action=vt_profile_update, userId=1
[2025-10-14 03:06:17] Nonce verification PASSED
[2025-10-14 03:06:17] ImageService::upload called with imageType=cover, entityType=user, entityId=1
[2025-10-14 03:06:17] Alt-text validated
[2025-10-14 03:06:17] File validated
[2025-10-14 03:06:17] Upload dir: /Users/lonnholiday/Repositories/social.elonara/public/uploads/users/1
[2025-10-14 03:06:17] Directory ensured
[2025-10-14 03:06:17] Filename: user_1_cover_1760411177_7a8631f6.jpeg, Path: /Users/lonnholiday/Repositories/social.elonara/public/uploads/users/1/user_1_cover_1760411177_7a8631f6.jpeg
[2025-10-14 03:06:18] Upload successful: /uploads/users/1/user_1_cover_1760411177_7a8631f6.jpeg
[2025-10-14 03:06:18] Profile view - avatar_url: /uploads/users/1/user_1_profile_1760411025_28e0779a.png
[2025-10-14 03:06:21] Profile view - avatar_url: /uploads/users/1/user_1_profile_1760411025_28e0779a.png
